<?xml version="1.0" encoding="UTF-8" ?>
<testsuite tests="7" failures="0" name="com.wojto.rest_api_money_transfer.AccountTest" time="0" errors="0" skipped="0">
  <properties>
[...]
</properties>
  <testcase classname="com.wojto.rest_api_money_transfer.AccountTest" name="depositRoundUp" time="0"/>
  <testcase classname="com.wojto.rest_api_money_transfer.AccountTest" name="withdrawSufficient" time="0"/>
  <testcase classname="com.wojto.rest_api_money_transfer.AccountTest" name="withdrawnegative" time="0"/>
  <testcase classname="com.wojto.rest_api_money_transfer.AccountTest" name="withdrawInsfficient" time="0"/>
  <testcase classname="com.wojto.rest_api_money_transfer.AccountTest" name="depositPositive" time="0"/>
  <testcase classname="com.wojto.rest_api_money_transfer.AccountTest" name="depositNegative" time="0"/>
  <testcase classname="com.wojto.rest_api_money_transfer.AccountTest" name="depositRoundDown" time="0"/>
</testsuite>